C51 COMPILER V9.52.0.0   BEEP                                                              03/20/2016 09:19:31 PAGE 1   


C51 COMPILER V9.52.0.0, COMPILATION OF MODULE BEEP
OBJECT MODULE PLACED IN .\Objects\Beep.obj
COMPILER INVOKED BY: C:\Program Files (x86)\Keil\C51\BIN\C51.EXE ..\HARDWARE\Beep.c ROM(COMPACT) OPTIMIZE(8,SPEED) BROWS
                    -E INCDIR(..\HARDWARE;..\USER) DEBUG OBJECTEXTEND PRINT(.\Listings\Beep.lst) TABS(2) OBJECT(.\Objects\Beep.obj)

line level    source

   1          #include<reg52.h>      
   2                                  
   3          sbit BEEP=P3^5;  //定义音乐输出端口
   4          
   5          void beep(void)
   6          {
   7   1        unsigned long ul;
   8   1        unsigned int n;
   9   1        while(1)
  10   1          {
  11   2            for(ul=0;ul<3000;ul++) //输出一个频率的声音
  12   2            {
  13   3              for(n=0;n<40;n++); //延时
  14   3              BEEP=~BEEP; //取反输出到喇叭的信号
  15   3            }
  16   2      
  17   2            for(ul=0;ul<2500;ul++) //输出另一个频率的声音
  18   2            {
  19   3              for(n=0;n<50;n++); //延时
  20   3              BEEP=~BEEP; //取反输出到喇叭的信号
  21   3            }
  22   2          }
  23   1      }


MODULE INFORMATION:   STATIC OVERLAYABLE
   CODE SIZE        =    138    ----
   CONSTANT SIZE    =   ----    ----
   XDATA SIZE       =   ----    ----
   PDATA SIZE       =   ----    ----
   DATA SIZE        =   ----       4
   IDATA SIZE       =   ----    ----
   BIT SIZE         =   ----    ----
END OF MODULE INFORMATION.


C51 COMPILATION COMPLETE.  0 WARNING(S),  0 ERROR(S)
