C51 COMPILER V9.52.0.0   GSM                                                               03/19/2016 16:07:26 PAGE 1   


C51 COMPILER V9.52.0.0, COMPILATION OF MODULE GSM
OBJECT MODULE PLACED IN .\Objects\gsm.obj
COMPILER INVOKED BY: C:\Program Files (x86)\Keil\C51\BIN\C51.EXE ..\USER\gsm.c OPTIMIZE(8,SPEED) BROWSE INCDIR(..\HARDWA
                    -RE;..\USER) DEBUG OBJECTEXTEND PRINT(.\Listings\gsm.lst) TABS(2) OBJECT(.\Objects\gsm.obj)

line level    source

   1          #include  "include.h" 
   2          
   3          sbit LED0=P0^5;
   4          sbit LED1=P0^6;
   5          sbit LED2=P0^7;
   6          
   7          uchar TIP0[] = "   Init GMS     ";
   8          uchar TIP1[] = "sending messages";
   9          uchar TIP2[] = "messages sended ";
  10          uchar TIP3[] = "have phone call ";
  11          uchar TIP4[] = "    Alert !!!   ";
  12          uchar TIP5[] = "                ";
  13          
  14          uchar code message[]="0011000D91688143803657F60008A0044F60597D\r\n";
  15          uchar code PhoneCall[]="ATD18340856948;\r\n";
  16          
  17          uchar hand(uchar *ptr)
  18          {
  19   1        if(strstr(Buf,ptr)!=NULL)
  20   1          return 1;
  21   1        else
  22   1          return 0;
  23   1      }
  24          
  25          void gms(void)
  26          {
  27   1        uchar i = 0,j;
  28   1        for(j=0;j<3;j++)
  29   1        {
  30   2          LED0=0;LED1=0;LED2=0; Delay_500Us(2000);
  31   2          LED0=1;LED1=1;LED2=1; Delay_500Us(2000);
  32   2        }
  33   1        
  34   1        Wr_Cmd(1,0x80);
  35   1        writeString(TIP0,16);
  36   1        Wr_Cmd(1,0x80+0x40);
  37   1        writeString(TIP5,16);
  38   1        Delay_500Us(5000);
  39   1      
  40   1        while(!hand("OK")) //用来同步模块与单片机的波特率
  41   1        {
  42   2          UART_ClearData();
  43   2          UART_SendData("ATI\r\n"); //设备初始化
  44   2          Delay_500Us(5000);
  45   2          i++;
  46   2          if(i>=5)
  47   2          {
  48   3            break;
  49   3            //return;
  50   3          }
  51   2          else
  52   2            ;
  53   2        } 
  54   1        UART_SendData("AT+CPIN?\r\n");
C51 COMPILER V9.52.0.0   GSM                                                               03/19/2016 16:07:26 PAGE 2   

  55   1        UART_SendData("ATE0\r\n");//关闭模块指令回显
  56   1        UART_SendData("AT+CPIN?\r\n");//查看是否读到手机卡
  57   1        Wr_Cmd(1,0x80);
  58   1        writeString(TIP1,16);
  59   1        Delay_500Us(5000);
  60   1        
  61   1      //  UART_SendData("AT+CMMI=2,1\r\n");//开回显
  62   1      //  Delay_500Us(5000);
  63   1      //  UART_SendData("AT+CMGF=0\r\n"); //0 PDU 模式 1文本模式
  64   1      //  Delay_500Us(5000);
  65   1      //  UART_SendData("AT+CMGS=19\r\n");
  66   1      //  Delay_500Us(5000);
  67   1      //  UART_SendData(message);//中文短信内容  
  68   1      //  Delay_500Us(5000);
  69   1      //  UART_SendData(0x1A);//16进制发送
  70   1      //  Wr_Cmd(1,0x80);
  71   1      //  writeString(TIP2,16);
  72   1      //  Delay_500Us(5000);
  73   1      //  
  74   1        Wr_Cmd(1,0x80);
  75   1        writeString(TIP3,16);
  76   1        Delay_500Us(5000);
  77   1        
  78   1        UART_SendData(PhoneCall); //此处拨打电话
  79   1        Delay_500Us(5000);
  80   1      }


MODULE INFORMATION:   STATIC OVERLAYABLE
   CODE SIZE        =    248    ----
   CONSTANT SIZE    =     88    ----
   XDATA SIZE       =   ----    ----
   PDATA SIZE       =   ----    ----
   DATA SIZE        =    102       5
   IDATA SIZE       =   ----    ----
   BIT SIZE         =   ----    ----
END OF MODULE INFORMATION.


C51 COMPILATION COMPLETE.  0 WARNING(S),  0 ERROR(S)
