C51 COMPILER V9.52.0.0   MOTOR                                                             03/19/2016 17:12:48 PAGE 1   


C51 COMPILER V9.52.0.0, COMPILATION OF MODULE MOTOR
OBJECT MODULE PLACED IN .\Objects\Motor.obj
COMPILER INVOKED BY: C:\Program Files (x86)\Keil\C51\BIN\C51.EXE ..\HARDWARE\Motor.c ROM(COMPACT) OPTIMIZE(8,SPEED) BROW
                    -SE INCDIR(..\HARDWARE;..\USER) DEBUG OBJECTEXTEND PRINT(.\Listings\Motor.lst) TABS(2) OBJECT(.\Objects\Motor.obj)

line level    source

   1          /***********************************************************************
   2           *@filename:MOTOR.C
   3           * @parameter 五线四相电机驱动函数
   4           * @author :mindcont
   5           * @date  :2015.5.124
   6           * @version 1.0 
   7           * @return  NUll
   8          ************************************************************************/
   9          
  10          #include "include.h"
  11          
  12          //四相五线八拍
  13          u8 code P_Move[8]={0x1F,0x3F,0x2F,0x6F,0x4F,0xCF,0x8F,0x9F}; 
  14          u8 code N_Move[8]={0x9F,0x8F,0xCF,0x4F,0x6F,0x2F,0x3F,0x1F}; 
  15          u8 Speed;
  16          
  17          /*************************************
  18          ** 函数名称: void Motor_P(void)
  19          ** 功能描述: 电机正转函数
  20          ** 入口参数: 无
  21          ** 出口参数: 无
  22          **************************************/
  23          void Motor_P(void)
  24          {
  25   1        u8 i=0;
  26   1        for (i=0; i<3; i++)       //步进电机完成八拍
  27   1          {
  28   2              P2 = P_Move[i];  //取数据
  29   2              Delay_500Us(Speed); //调节转速
  30   2          }
  31   1      }
  32          
  33          
  34          /*************************************
  35          ** 函数名称: void Motor_N(void)
  36          ** 功能描述: 电机反转函数
  37          ** 入口参数: 无
  38          ** 出口参数: 无
  39          **************************************/
  40          void Motor_N(void)
  41          {
  42   1        u8 i=0;
  43   1        for (i=0; i<8; i++)       //步进电机完成八拍
  44   1          {
  45   2              P2 = N_Move[i];  //取数据
  46   2              Delay_500Us(Speed);  //调节转速
  47   2          }
  48   1      }


MODULE INFORMATION:   STATIC OVERLAYABLE
   CODE SIZE        =     60    ----
   CONSTANT SIZE    =     16    ----
   XDATA SIZE       =   ----    ----
C51 COMPILER V9.52.0.0   MOTOR                                                             03/19/2016 17:12:48 PAGE 2   

   PDATA SIZE       =   ----    ----
   DATA SIZE        =      1       2
   IDATA SIZE       =   ----    ----
   BIT SIZE         =   ----    ----
END OF MODULE INFORMATION.


C51 COMPILATION COMPLETE.  0 WARNING(S),  0 ERROR(S)
